---------- Date: 2016-05-08 12:29:12 ~ IP : ::1 ----------
REQUEST URI : /ruperbazar/
MOD DETAILS:
   modFile   : C:\xampp\htdocs\ruperbazar\vqmod/xml/cookie_low.xml
   id        : EU Cookie Law - top, bottom, floating
   version   : 
   vqmver    : 2.X
   author    : arveo
VQModObject::parseMods - Could not resolve path for [catalog/language/hungarian/common/footer.php] (SKIPPED)
VQModObject::parseMods - Could not resolve path for [admin/language/hungarian/setting/setting.php] (SKIPPED)

File Name    : catalog/view/theme/*/template/common/footer.tpl(0)
VQModObject::applyMod - SEARCH NOT FOUND (ABORTING MOD): </footer>

----------------------------------------------------------------------


---------- Date: 2016-05-08 12:30:32 ~ IP : ::1 ----------
REQUEST URI : /ruperbazar/
MOD DETAILS:
   modFile   : C:\xampp\htdocs\ruperbazar\vqmod/xml/cookie_low.xml
   id        : EU Cookie Law - top, bottom, floating
   version   : 
   vqmver    : 2.X
   author    : arveo

File Name    : catalog/view/theme/*/template/common/footer.tpl(0)
VQModObject::applyMod - SEARCH NOT FOUND (ABORTING MOD): </footer>

----------------------------------------------------------------------


---------- Date: 2016-05-08 14:17:35 ~ IP : ::1 ----------
REQUEST URI : /ruperbazar/
MOD DETAILS:
   modFile   : C:\xampp\htdocs\ruperbazar\vqmod/xml/cookie_low.xml
   id        : EU Cookie Law - top, bottom, floating
   version   : 
   vqmver    : 2.X
   author    : arveo
VQModObject::parseMods - Could not resolve path for [catalog/language/hungarian/common/footer.php] (SKIPPED)
VQModObject::parseMods - Could not resolve path for [admin/language/hungarian/setting/setting.php] (SKIPPED)

File Name    : catalog/view/theme/*/template/common/footer.tpl(0)
VQModObject::applyMod - SEARCH NOT FOUND (ABORTING MOD): </footer>

----------------------------------------------------------------------


